{"C:\\Users\\gaah-_000\\Downloads\\EHR Node Typescript React\\frontend\\src\\pages\\Home.tsx": {"path":"C:\\Users\\gaah-_000\\Downloads\\EHR Node Typescript React\\frontend\\src\\pages\\Home.tsx","statementMap":{"0":{"start":{"line":1,"column":0},"end":{"line":1,"column":42}},"1":{"start":{"line":2,"column":0},"end":{"line":2,"column":43}},"2":{"start":{"line":3,"column":0},"end":{"line":3,"column":32}},"3":{"start":{"line":4,"column":0},"end":{"line":4,"column":19}},"4":{"start":{"line":8,"column":28},"end":{"line":8,"column":48}},"5":{"start":{"line":9,"column":28},"end":{"line":9,"column":53}},"6":{"start":{"line":10,"column":4},"end":{"line":10,"column":24}},"7":{"start":{"line":13,"column":20},"end":{"line":29,"column":5}},"8":{"start":{"line":14,"column":6},"end":{"line":28,"column":7}},"9":{"start":{"line":15,"column":38},"end":{"line":18,"column":12}},"10":{"start":{"line":21,"column":32},"end":{"line":21,"column":53}},"11":{"start":{"line":22,"column":10},"end":{"line":22,"column":30}},"12":{"start":{"line":23,"column":10},"end":{"line":23,"column":26}},"13":{"start":{"line":32,"column":4},"end":{"line":34,"column":11}},"14":{"start":{"line":33,"column":6},"end":{"line":33,"column":16}},"15":{"start":{"line":36,"column":4},"end":{"line":53,"column":null}},"16":{"start":{"line":56,"column":0},"end":{"line":56,"column":20}}},"fnMap":{"0":{"name":"Home","decl":{"start":{"line":6,"column":9},"end":{"line":6,"column":13}},"loc":{"start":{"line":6,"column":13},"end":{"line":54,"column":1}}},"1":{"name":"(anonymous_2)","decl":{"start":{"line":13,"column":20},"end":{"line":13,"column":25}},"loc":{"start":{"line":13,"column":31},"end":{"line":29,"column":5}}},"2":{"name":"(anonymous_3)","decl":{"start":{"line":32,"column":14},"end":{"line":32,"column":17}},"loc":{"start":{"line":32,"column":19},"end":{"line":34,"column":5}}}},"branchMap":{},"s":{"0":1,"1":1,"2":1,"3":1,"4":0,"5":0,"6":0,"7":0,"8":0,"9":0,"10":0,"11":0,"12":0,"13":0,"14":0,"15":0,"16":1},"f":{"0":0,"1":0,"2":0},"b":{}}
,"C:\\Users\\gaah-_000\\Downloads\\EHR Node Typescript React\\frontend\\src\\pages\\Login.tsx": {"path":"C:\\Users\\gaah-_000\\Downloads\\EHR Node Typescript React\\frontend\\src\\pages\\Login.tsx","statementMap":{"0":{"start":{"line":1,"column":0},"end":{"line":1,"column":31}},"1":{"start":{"line":2,"column":0},"end":{"line":2,"column":45}},"2":{"start":{"line":3,"column":0},"end":{"line":3,"column":34}},"3":{"start":{"line":4,"column":0},"end":{"line":4,"column":20}},"4":{"start":{"line":12,"column":36},"end":{"line":12,"column":84}},"5":{"start":{"line":13,"column":30},"end":{"line":13,"column":42}},"6":{"start":{"line":14,"column":34},"end":{"line":14,"column":46}},"7":{"start":{"line":15,"column":21},"end":{"line":15,"column":34}},"8":{"start":{"line":17,"column":28},"end":{"line":17,"column":53}},"9":{"start":{"line":18,"column":4},"end":{"line":18,"column":24}},"10":{"start":{"line":21,"column":30},"end":{"line":33,"column":5}},"11":{"start":{"line":22,"column":4},"end":{"line":24,"column":5}},"12":{"start":{"line":23,"column":8},"end":{"line":23,"column":21}},"13":{"start":{"line":26,"column":27},"end":{"line":26,"column":53}},"14":{"start":{"line":28,"column":4},"end":{"line":30,"column":5}},"15":{"start":{"line":29,"column":8},"end":{"line":29,"column":21}},"16":{"start":{"line":32,"column":4},"end":{"line":32,"column":16}},"17":{"start":{"line":37,"column":29},"end":{"line":50,"column":5}},"18":{"start":{"line":41,"column":6},"end":{"line":44,"column":9}},"19":{"start":{"line":45,"column":6},"end":{"line":45,"column":29}},"20":{"start":{"line":46,"column":6},"end":{"line":46,"column":null}},"21":{"start":{"line":47,"column":6},"end":{"line":49,"column":7}},"22":{"start":{"line":52,"column":24},"end":{"line":94,"column":7}},"23":{"start":{"line":53,"column":6},"end":{"line":53,"column":29}},"24":{"start":{"line":54,"column":8},"end":{"line":93,"column":9}},"25":{"start":{"line":55,"column":40},"end":{"line":62,"column":14}},"26":{"start":{"line":71,"column":12},"end":{"line":74,"column":11}},"27":{"start":{"line":72,"column":38},"end":{"line":72,"column":59}},"28":{"start":{"line":73,"column":14},"end":{"line":73,"column":76}},"29":{"start":{"line":77,"column":32},"end":{"line":77,"column":53}},"30":{"start":{"line":78,"column":10},"end":{"line":78,"column":42}},"31":{"start":{"line":79,"column":10},"end":{"line":79,"column":28}},"32":{"start":{"line":84,"column":10},"end":{"line":84,"column":52}},"33":{"start":{"line":85,"column":10},"end":{"line":85,"column":23}},"34":{"start":{"line":87,"column":10},"end":{"line":87,"column":28}},"35":{"start":{"line":91,"column":10},"end":{"line":91,"column":32}},"36":{"start":{"line":92,"column":10},"end":{"line":92,"column":39}},"37":{"start":{"line":97,"column":4},"end":{"line":131,"column":null}},"38":{"start":{"line":134,"column":0},"end":{"line":134,"column":21}}},"fnMap":{"0":{"name":"Login","decl":{"start":{"line":11,"column":9},"end":{"line":11,"column":14}},"loc":{"start":{"line":11,"column":14},"end":{"line":132,"column":1}}},"1":{"name":"(anonymous_2)","decl":{"start":{"line":21,"column":30},"end":{"line":21,"column":35}},"loc":{"start":{"line":21,"column":58},"end":{"line":33,"column":5}}},"2":{"name":"(anonymous_3)","decl":{"start":{"line":37,"column":29},"end":{"line":37,"column":34}},"loc":{"start":{"line":37,"column":51},"end":{"line":50,"column":5}}},"3":{"name":"(anonymous_4)","decl":{"start":{"line":52,"column":24},"end":{"line":52,"column":29}},"loc":{"start":{"line":52,"column":46},"end":{"line":94,"column":7}}}},"branchMap":{"0":{"loc":{"start":{"line":22,"column":4},"end":{"line":24,"column":5}},"type":"if","locations":[{"start":{"line":22,"column":4},"end":{"line":24,"column":5}}]},"1":{"loc":{"start":{"line":28,"column":4},"end":{"line":30,"column":5}},"type":"if","locations":[{"start":{"line":28,"column":4},"end":{"line":30,"column":5}}]},"2":{"loc":{"start":{"line":47,"column":6},"end":{"line":49,"column":7}},"type":"if","locations":[{"start":{"line":47,"column":6},"end":{"line":49,"column":7}}]},"3":{"loc":{"start":{"line":71,"column":12},"end":{"line":74,"column":11}},"type":"if","locations":[{"start":{"line":71,"column":12},"end":{"line":74,"column":11}}]},"4":{"loc":{"start":{"line":73,"column":30},"end":{"line":73,"column":74}},"type":"binary-expr","locations":[{"start":{"line":73,"column":30},"end":{"line":73,"column":47}},{"start":{"line":73,"column":51},"end":{"line":73,"column":74}}]},"5":{"loc":{"start":{"line":101,"column":13},"end":{"line":101,"column":61}},"type":"binary-expr","locations":[{"start":{"line":101,"column":13},"end":{"line":101,"column":18}},{"start":{"line":101,"column":22},"end":{"line":101,"column":61}}]},"6":{"loc":{"start":{"line":102,"column":13},"end":{"line":102,"column":67}},"type":"binary-expr","locations":[{"start":{"line":102,"column":13},"end":{"line":102,"column":20}},{"start":{"line":102,"column":24},"end":{"line":102,"column":67}}]}},"s":{"0":1,"1":1,"2":1,"3":1,"4":0,"5":0,"6":0,"7":0,"8":0,"9":0,"10":0,"11":0,"12":0,"13":0,"14":0,"15":0,"16":0,"17":0,"18":0,"19":0,"20":0,"21":0,"22":0,"23":0,"24":0,"25":0,"26":0,"27":0,"28":0,"29":0,"30":0,"31":0,"32":0,"33":0,"34":0,"35":0,"36":0,"37":0,"38":1},"f":{"0":0,"1":0,"2":0,"3":0},"b":{"0":[0],"1":[0],"2":[0],"3":[0],"4":[0,0],"5":[0,0],"6":[0,0]}}
,"C:\\Users\\gaah-_000\\Downloads\\EHR Node Typescript React\\frontend\\src\\pages\\Register.tsx": {"path":"C:\\Users\\gaah-_000\\Downloads\\EHR Node Typescript React\\frontend\\src\\pages\\Register.tsx","statementMap":{"0":{"start":{"line":1,"column":0},"end":{"line":1,"column":31}},"1":{"start":{"line":2,"column":0},"end":{"line":2,"column":63}},"2":{"start":{"line":3,"column":0},"end":{"line":3,"column":34}},"3":{"start":{"line":11,"column":22},"end":{"line":256,"column":1}},"4":{"start":{"line":12,"column":36},"end":{"line":12,"column":84}},"5":{"start":{"line":13,"column":38},"end":{"line":13,"column":62}},"6":{"start":{"line":14,"column":34},"end":{"line":14,"column":58}},"7":{"start":{"line":15,"column":30},"end":{"line":15,"column":50}},"8":{"start":{"line":16,"column":34},"end":{"line":16,"column":54}},"9":{"start":{"line":17,"column":40},"end":{"line":17,"column":53}},"10":{"start":{"line":19,"column":28},"end":{"line":19,"column":53}},"11":{"start":{"line":20,"column":4},"end":{"line":20,"column":24}},"12":{"start":{"line":22,"column":30},"end":{"line":34,"column":7}},"13":{"start":{"line":23,"column":6},"end":{"line":25,"column":7}},"14":{"start":{"line":24,"column":10},"end":{"line":24,"column":23}},"15":{"start":{"line":27,"column":29},"end":{"line":27,"column":55}},"16":{"start":{"line":29,"column":6},"end":{"line":31,"column":7}},"17":{"start":{"line":30,"column":10},"end":{"line":30,"column":23}},"18":{"start":{"line":33,"column":6},"end":{"line":33,"column":18}},"19":{"start":{"line":37,"column":29},"end":{"line":51,"column":5}},"20":{"start":{"line":41,"column":6},"end":{"line":44,"column":9}},"21":{"start":{"line":45,"column":6},"end":{"line":45,"column":29}},"22":{"start":{"line":46,"column":6},"end":{"line":46,"column":null}},"23":{"start":{"line":47,"column":6},"end":{"line":49,"column":7}},"24":{"start":{"line":53,"column":27},"end":{"line":102,"column":7}},"25":{"start":{"line":54,"column":6},"end":{"line":54,"column":29}},"26":{"start":{"line":55,"column":6},"end":{"line":55,"column":null}},"27":{"start":{"line":56,"column":8},"end":{"line":101,"column":9}},"28":{"start":{"line":57,"column":40},"end":{"line":64,"column":14}},"29":{"start":{"line":73,"column":12},"end":{"line":82,"column":11}},"30":{"start":{"line":74,"column":38},"end":{"line":74,"column":59}},"31":{"start":{"line":75,"column":48},"end":{"line":75,"column":78}},"32":{"start":{"line":76,"column":37},"end":{"line":76,"column":39}},"33":{"start":{"line":77,"column":14},"end":{"line":79,"column":15}},"34":{"start":{"line":78,"column":17},"end":{"line":78,"column":null}},"35":{"start":{"line":80,"column":14},"end":{"line":80,"column":37}},"36":{"start":{"line":81,"column":14},"end":{"line":81,"column":66}},"37":{"start":{"line":85,"column":10},"end":{"line":85,"column":null}},"38":{"start":{"line":86,"column":24},"end":{"line":86,"column":45}},"39":{"start":{"line":87,"column":10},"end":{"line":87,"column":49}},"40":{"start":{"line":88,"column":10},"end":{"line":88,"column":28}},"41":{"start":{"line":91,"column":10},"end":{"line":91,"column":52}},"42":{"start":{"line":92,"column":10},"end":{"line":92,"column":23}},"43":{"start":{"line":94,"column":10},"end":{"line":94,"column":35}},"44":{"start":{"line":98,"column":10},"end":{"line":98,"column":null}},"45":{"start":{"line":99,"column":10},"end":{"line":99,"column":32}},"46":{"start":{"line":100,"column":10},"end":{"line":100,"column":39}},"47":{"start":{"line":104,"column":26},"end":{"line":149,"column":9}},"48":{"start":{"line":105,"column":8},"end":{"line":105,"column":31}},"49":{"start":{"line":106,"column":8},"end":{"line":106,"column":null}},"50":{"start":{"line":107,"column":10},"end":{"line":148,"column":11}},"51":{"start":{"line":108,"column":42},"end":{"line":115,"column":16}},"52":{"start":{"line":124,"column":14},"end":{"line":127,"column":13}},"53":{"start":{"line":125,"column":40},"end":{"line":125,"column":61}},"54":{"start":{"line":126,"column":16},"end":{"line":126,"column":78}},"55":{"start":{"line":130,"column":12},"end":{"line":130,"column":null}},"56":{"start":{"line":131,"column":34},"end":{"line":131,"column":55}},"57":{"start":{"line":132,"column":12},"end":{"line":132,"column":44}},"58":{"start":{"line":133,"column":12},"end":{"line":133,"column":30}},"59":{"start":{"line":138,"column":12},"end":{"line":138,"column":54}},"60":{"start":{"line":139,"column":12},"end":{"line":139,"column":25}},"61":{"start":{"line":141,"column":12},"end":{"line":141,"column":30}},"62":{"start":{"line":145,"column":12},"end":{"line":145,"column":null}},"63":{"start":{"line":146,"column":12},"end":{"line":146,"column":34}},"64":{"start":{"line":147,"column":12},"end":{"line":147,"column":41}},"65":{"start":{"line":152,"column":6},"end":{"line":255,"column":6}},"66":{"start":{"line":202,"column":71},"end":{"line":202,"column":96}},"67":{"start":{"line":202,"column":96},"end":{"line":202,"column":138}},"68":{"start":{"line":202,"column":138},"end":{"line":202,"column":161}},"69":{"start":{"line":251,"column":70},"end":{"line":251,"column":95}},"70":{"start":{"line":251,"column":95},"end":{"line":251,"column":137}},"71":{"start":{"line":251,"column":137},"end":{"line":251,"column":160}},"72":{"start":{"line":258,"column":0},"end":{"line":258,"column":29}}},"fnMap":{"0":{"name":"(anonymous_1)","decl":{"start":{"line":11,"column":22},"end":{"line":11,"column":25}},"loc":{"start":{"line":11,"column":27},"end":{"line":256,"column":1}}},"1":{"name":"(anonymous_2)","decl":{"start":{"line":22,"column":30},"end":{"line":22,"column":35}},"loc":{"start":{"line":22,"column":58},"end":{"line":34,"column":7}}},"2":{"name":"(anonymous_3)","decl":{"start":{"line":37,"column":29},"end":{"line":37,"column":34}},"loc":{"start":{"line":37,"column":51},"end":{"line":51,"column":5}}},"3":{"name":"(anonymous_4)","decl":{"start":{"line":53,"column":27},"end":{"line":53,"column":32}},"loc":{"start":{"line":53,"column":49},"end":{"line":102,"column":7}}},"4":{"name":"(anonymous_5)","decl":{"start":{"line":104,"column":26},"end":{"line":104,"column":31}},"loc":{"start":{"line":104,"column":48},"end":{"line":149,"column":9}}},"5":{"name":"(anonymous_6)","decl":{"start":{"line":202,"column":64},"end":{"line":202,"column":67}},"loc":{"start":{"line":202,"column":69},"end":{"line":202,"column":162}}},"6":{"name":"(anonymous_7)","decl":{"start":{"line":251,"column":63},"end":{"line":251,"column":66}},"loc":{"start":{"line":251,"column":68},"end":{"line":251,"column":161}}}},"branchMap":{"0":{"loc":{"start":{"line":23,"column":6},"end":{"line":25,"column":7}},"type":"if","locations":[{"start":{"line":23,"column":6},"end":{"line":25,"column":7}}]},"1":{"loc":{"start":{"line":29,"column":6},"end":{"line":31,"column":7}},"type":"if","locations":[{"start":{"line":29,"column":6},"end":{"line":31,"column":7}}]},"2":{"loc":{"start":{"line":47,"column":6},"end":{"line":49,"column":7}},"type":"if","locations":[{"start":{"line":47,"column":6},"end":{"line":49,"column":7}}]},"3":{"loc":{"start":{"line":73,"column":12},"end":{"line":82,"column":11}},"type":"if","locations":[{"start":{"line":73,"column":12},"end":{"line":82,"column":11}}]},"4":{"loc":{"start":{"line":77,"column":14},"end":{"line":79,"column":15}},"type":"if","locations":[{"start":{"line":77,"column":14},"end":{"line":79,"column":15}}]},"5":{"loc":{"start":{"line":81,"column":30},"end":{"line":81,"column":64}},"type":"binary-expr","locations":[{"start":{"line":81,"column":30},"end":{"line":81,"column":37}},{"start":{"line":81,"column":41},"end":{"line":81,"column":64}}]},"6":{"loc":{"start":{"line":124,"column":14},"end":{"line":127,"column":13}},"type":"if","locations":[{"start":{"line":124,"column":14},"end":{"line":127,"column":13}}]},"7":{"loc":{"start":{"line":126,"column":32},"end":{"line":126,"column":76}},"type":"binary-expr","locations":[{"start":{"line":126,"column":32},"end":{"line":126,"column":49}},{"start":{"line":126,"column":53},"end":{"line":126,"column":76}}]},"8":{"loc":{"start":{"line":154,"column":9},"end":{"line":253,"column":20}},"type":"cond-expr","locations":[{"start":{"line":155,"column":13},"end":{"line":203,"column":null}},{"start":{"line":204,"column":24},"end":{"line":252,"column":null}}]},"9":{"loc":{"start":{"line":157,"column":17},"end":{"line":157,"column":65}},"type":"binary-expr","locations":[{"start":{"line":157,"column":17},"end":{"line":157,"column":22}},{"start":{"line":157,"column":26},"end":{"line":157,"column":65}}]},"10":{"loc":{"start":{"line":158,"column":17},"end":{"line":158,"column":71}},"type":"binary-expr","locations":[{"start":{"line":158,"column":17},"end":{"line":158,"column":24}},{"start":{"line":158,"column":28},"end":{"line":158,"column":71}}]},"11":{"loc":{"start":{"line":174,"column":30},"end":{"line":174,"column":80}},"type":"cond-expr","locations":[{"start":{"line":174,"column":49},"end":{"line":174,"column":65}},{"start":{"line":174,"column":68},"end":{"line":174,"column":80}}]},"12":{"loc":{"start":{"line":195,"column":18},"end":{"line":197,"column":null}},"type":"cond-expr","locations":[{"start":{"line":196,"column":20},"end":{"line":196,"column":66}},{"start":{"line":197,"column":20},"end":{"line":197,"column":null}}]},"13":{"loc":{"start":{"line":195,"column":19},"end":{"line":195,"column":112}},"type":"binary-expr","locations":[{"start":{"line":195,"column":19},"end":{"line":195,"column":35}},{"start":{"line":195,"column":39},"end":{"line":195,"column":58}},{"start":{"line":195,"column":62},"end":{"line":195,"column":101}},{"start":{"line":195,"column":105},"end":{"line":195,"column":112}}]},"14":{"loc":{"start":{"line":206,"column":17},"end":{"line":206,"column":65}},"type":"binary-expr","locations":[{"start":{"line":206,"column":17},"end":{"line":206,"column":22}},{"start":{"line":206,"column":26},"end":{"line":206,"column":65}}]},"15":{"loc":{"start":{"line":207,"column":17},"end":{"line":207,"column":71}},"type":"binary-expr","locations":[{"start":{"line":207,"column":17},"end":{"line":207,"column":24}},{"start":{"line":207,"column":28},"end":{"line":207,"column":71}}]},"16":{"loc":{"start":{"line":223,"column":30},"end":{"line":223,"column":79}},"type":"cond-expr","locations":[{"start":{"line":223,"column":49},"end":{"line":223,"column":64}},{"start":{"line":223,"column":67},"end":{"line":223,"column":79}}]},"17":{"loc":{"start":{"line":244,"column":18},"end":{"line":246,"column":null}},"type":"cond-expr","locations":[{"start":{"line":245,"column":20},"end":{"line":245,"column":66}},{"start":{"line":246,"column":20},"end":{"line":246,"column":null}}]},"18":{"loc":{"start":{"line":244,"column":19},"end":{"line":244,"column":112}},"type":"binary-expr","locations":[{"start":{"line":244,"column":19},"end":{"line":244,"column":35}},{"start":{"line":244,"column":39},"end":{"line":244,"column":58}},{"start":{"line":244,"column":62},"end":{"line":244,"column":101}},{"start":{"line":244,"column":105},"end":{"line":244,"column":112}}]}},"s":{"0":1,"1":1,"2":1,"3":1,"4":22,"5":22,"6":22,"7":22,"8":22,"9":22,"10":22,"11":22,"12":22,"13":8,"14":0,"15":8,"16":8,"17":0,"18":8,"19":22,"20":8,"21":8,"22":8,"23":8,"24":22,"25":2,"26":2,"27":2,"28":2,"29":2,"30":1,"31":1,"32":1,"33":1,"34":1,"35":1,"36":1,"37":1,"38":1,"39":1,"40":1,"41":1,"42":1,"43":1,"44":1,"45":1,"46":1,"47":22,"48":1,"49":1,"50":1,"51":1,"52":1,"53":0,"54":0,"55":1,"56":1,"57":1,"58":1,"59":1,"60":1,"61":1,"62":0,"63":0,"64":0,"65":22,"66":2,"67":2,"68":2,"69":0,"70":0,"71":0,"72":1},"f":{"0":22,"1":8,"2":8,"3":2,"4":1,"5":2,"6":0},"b":{"0":[0],"1":[0],"2":[0],"3":[1],"4":[1],"5":[1,0],"6":[0],"7":[0,0],"8":[15,7],"9":[15,1],"10":[15,0],"11":[6,9],"12":[11,4],"13":[15,9,6,6],"14":[7,0],"15":[7,2],"16":[4,3],"17":[6,1],"18":[7,3,2,2]}}
,"C:\\Users\\gaah-_000\\Downloads\\EHR Node Typescript React\\frontend\\src\\pages\\index.ts": {"path":"C:\\Users\\gaah-_000\\Downloads\\EHR Node Typescript React\\frontend\\src\\pages\\index.ts","statementMap":{"0":{"start":{"line":1,"column":0},"end":{"line":1,"column":7}},"1":{"start":{"line":5,"column":8},"end":{"line":1,"column":26}},"2":{"start":{"line":2,"column":0},"end":{"line":2,"column":7}},"3":{"start":{"line":5,"column":14},"end":{"line":2,"column":38}},"4":{"start":{"line":3,"column":0},"end":{"line":3,"column":7}},"5":{"start":{"line":5,"column":29},"end":{"line":3,"column":27}}},"fnMap":{},"branchMap":{},"s":{"0":1,"1":1,"2":1,"3":1,"4":1,"5":1},"f":{},"b":{}}
}
