TN:
SF:src\pages\Home.tsx
FN:6,Home
FN:13,(anonymous_2)
FN:32,(anonymous_3)
FNF:3
FNH:0
FNDA:0,Home
FNDA:0,(anonymous_2)
FNDA:0,(anonymous_3)
DA:1,1
DA:2,1
DA:3,1
DA:4,1
DA:8,0
DA:9,0
DA:10,0
DA:13,0
DA:14,0
DA:15,0
DA:21,0
DA:22,0
DA:23,0
DA:32,0
DA:33,0
DA:36,0
DA:56,1
LF:17
LH:5
BRF:0
BRH:0
end_of_record
TN:
SF:src\pages\Login.tsx
FN:11,Login
FN:21,(anonymous_2)
FN:37,(anonymous_3)
FN:52,(anonymous_4)
FNF:4
FNH:0
FNDA:0,Login
FNDA:0,(anonymous_2)
FNDA:0,(anonymous_3)
FNDA:0,(anonymous_4)
DA:1,1
DA:2,1
DA:3,1
DA:4,1
DA:12,0
DA:13,0
DA:14,0
DA:15,0
DA:17,0
DA:18,0
DA:21,0
DA:22,0
DA:23,0
DA:26,0
DA:28,0
DA:29,0
DA:32,0
DA:37,0
DA:41,0
DA:45,0
DA:46,0
DA:47,0
DA:52,0
DA:53,0
DA:54,0
DA:55,0
DA:71,0
DA:72,0
DA:73,0
DA:77,0
DA:78,0
DA:79,0
DA:84,0
DA:85,0
DA:87,0
DA:91,0
DA:92,0
DA:97,0
DA:134,1
LF:39
LH:5
BRDA:22,0,0,0
BRDA:28,1,0,0
BRDA:47,2,0,0
BRDA:71,3,0,0
BRDA:73,4,0,0
BRDA:73,4,1,0
BRDA:101,5,0,0
BRDA:101,5,1,0
BRDA:102,6,0,0
BRDA:102,6,1,0
BRF:10
BRH:0
end_of_record
TN:
SF:src\pages\Register.tsx
FN:11,(anonymous_1)
FN:22,(anonymous_2)
FN:37,(anonymous_3)
FN:53,(anonymous_4)
FN:104,(anonymous_5)
FN:202,(anonymous_6)
FN:251,(anonymous_7)
FNF:7
FNH:6
FNDA:22,(anonymous_1)
FNDA:8,(anonymous_2)
FNDA:8,(anonymous_3)
FNDA:2,(anonymous_4)
FNDA:1,(anonymous_5)
FNDA:2,(anonymous_6)
FNDA:0,(anonymous_7)
DA:1,1
DA:2,1
DA:3,1
DA:11,1
DA:12,22
DA:13,22
DA:14,22
DA:15,22
DA:16,22
DA:17,22
DA:19,22
DA:20,22
DA:22,22
DA:23,8
DA:24,0
DA:27,8
DA:29,8
DA:30,0
DA:33,8
DA:37,22
DA:41,8
DA:45,8
DA:46,8
DA:47,8
DA:53,22
DA:54,2
DA:55,2
DA:56,2
DA:57,2
DA:73,2
DA:74,1
DA:75,1
DA:76,1
DA:77,1
DA:78,1
DA:80,1
DA:81,1
DA:85,1
DA:86,1
DA:87,1
DA:88,1
DA:91,1
DA:92,1
DA:94,1
DA:98,1
DA:99,1
DA:100,1
DA:104,22
DA:105,1
DA:106,1
DA:107,1
DA:108,1
DA:124,1
DA:125,0
DA:126,0
DA:130,1
DA:131,1
DA:132,1
DA:133,1
DA:138,1
DA:139,1
DA:141,1
DA:145,0
DA:146,0
DA:147,0
DA:152,22
DA:202,2
DA:251,0
DA:258,1
LF:69
LH:61
BRDA:23,0,0,0
BRDA:29,1,0,0
BRDA:47,2,0,0
BRDA:73,3,0,1
BRDA:77,4,0,1
BRDA:81,5,0,1
BRDA:81,5,1,0
BRDA:124,6,0,0
BRDA:126,7,0,0
BRDA:126,7,1,0
BRDA:154,8,0,15
BRDA:154,8,1,7
BRDA:157,9,0,15
BRDA:157,9,1,1
BRDA:158,10,0,15
BRDA:158,10,1,0
BRDA:174,11,0,6
BRDA:174,11,1,9
BRDA:195,12,0,11
BRDA:195,12,1,4
BRDA:195,13,0,15
BRDA:195,13,1,9
BRDA:195,13,2,6
BRDA:195,13,3,6
BRDA:206,14,0,7
BRDA:206,14,1,0
BRDA:207,15,0,7
BRDA:207,15,1,2
BRDA:223,16,0,4
BRDA:223,16,1,3
BRDA:244,17,0,6
BRDA:244,17,1,1
BRDA:244,18,0,7
BRDA:244,18,1,3
BRDA:244,18,2,2
BRDA:244,18,3,2
BRF:36
BRH:27
end_of_record
TN:
SF:src\pages\index.ts
FNF:0
FNH:0
DA:1,1
DA:2,1
DA:3,1
DA:5,1
LF:4
LH:4
BRF:0
BRH:0
end_of_record
