{"C:\\Users\\gaah-_000\\Downloads\\EHR Node Typescript React\\backend\\src\\server.ts": {"path":"C:\\Users\\gaah-_000\\Downloads\\EHR Node Typescript React\\backend\\src\\server.ts","statementMap":{"0":{"start":{"line":1,"column":0},"end":{"line":1,"column":53}},"1":{"start":{"line":2,"column":0},"end":{"line":2,"column":32}},"2":{"start":{"line":3,"column":0},"end":{"line":3,"column":24}},"3":{"start":{"line":4,"column":0},"end":{"line":4,"column":28}},"4":{"start":{"line":5,"column":0},"end":{"line":5,"column":24}},"5":{"start":{"line":6,"column":0},"end":{"line":6,"column":31}},"6":{"start":{"line":7,"column":0},"end":{"line":7,"column":72}},"7":{"start":{"line":8,"column":0},"end":{"line":8,"column":41}},"8":{"start":{"line":9,"column":0},"end":{"line":9,"column":43}},"9":{"start":{"line":10,"column":0},"end":{"line":10,"column":20}},"10":{"start":{"line":12,"column":0},"end":{"line":12,"column":37}},"11":{"start":{"line":15,"column":0},"end":{"line":15,"column":64}},"12":{"start":{"line":16,"column":29},"end":{"line":16,"column":38}},"13":{"start":{"line":17,"column":30},"end":{"line":17,"column":54}},"14":{"start":{"line":18,"column":26},"end":{"line":18,"column":49}},"15":{"start":{"line":19,"column":25},"end":{"line":19,"column":49}},"16":{"start":{"line":27,"column":42},"end":{"line":31,"column":2}},"17":{"start":{"line":33,"column":0},"end":{"line":33,"column":24}},"18":{"start":{"line":34,"column":0},"end":{"line":34,"column":17}},"19":{"start":{"line":35,"column":0},"end":{"line":35,"column":16}},"20":{"start":{"line":38,"column":23},"end":{"line":53,"column":2}},"21":{"start":{"line":56,"column":20},"end":{"line":56,"column":48}},"22":{"start":{"line":57,"column":0},"end":{"line":57,"column":68}},"23":{"start":{"line":60,"column":23},"end":{"line":60,"column":67}},"24":{"start":{"line":61,"column":0},"end":{"line":61,"column":28}},"25":{"start":{"line":63,"column":0},"end":{"line":63,"column":71}},"26":{"start":{"line":84,"column":0},"end":{"line":87,"column":3}},"27":{"start":{"line":85,"column":4},"end":{"line":85,"column":32}},"28":{"start":{"line":86,"column":4},"end":{"line":86,"column":38}},"29":{"start":{"line":105,"column":0},"end":{"line":115,"column":null}},"30":{"start":{"line":107,"column":4},"end":{"line":113,"column":5}},"31":{"start":{"line":108,"column":4},"end":{"line":108,"column":36}},"32":{"start":{"line":109,"column":4},"end":{"line":109,"column":31}},"33":{"start":{"line":112,"column":6},"end":{"line":112,"column":null}},"34":{"start":{"line":147,"column":0},"end":{"line":160,"column":3}},"35":{"start":{"line":147,"column":64},"end":{"line":160,"column":2}},"36":{"start":{"line":148,"column":4},"end":{"line":159,"column":5}},"37":{"start":{"line":149,"column":29},"end":{"line":152,"column":10}},"38":{"start":{"line":154,"column":8},"end":{"line":154,"column":26}},"39":{"start":{"line":156,"column":8},"end":{"line":156,"column":null}},"40":{"start":{"line":158,"column":8},"end":{"line":158,"column":64}},"41":{"start":{"line":192,"column":0},"end":{"line":211,"column":3}},"42":{"start":{"line":192,"column":62},"end":{"line":211,"column":2}},"43":{"start":{"line":193,"column":4},"end":{"line":210,"column":5}},"44":{"start":{"line":194,"column":37},"end":{"line":194,"column":82}},"45":{"start":{"line":196,"column":8},"end":{"line":205,"column":9}},"46":{"start":{"line":197,"column":35},"end":{"line":197,"column":98}},"47":{"start":{"line":198,"column":12},"end":{"line":198,"column":32}},"48":{"start":{"line":199,"column":12},"end":{"line":199,"column":31}},"49":{"start":{"line":204,"column":12},"end":{"line":204,"column":56}},"50":{"start":{"line":208,"column":8},"end":{"line":208,"column":50}},"51":{"start":{"line":209,"column":8},"end":{"line":209,"column":85}},"52":{"start":{"line":214,"column":0},"end":{"line":230,"column":3}},"53":{"start":{"line":214,"column":60},"end":{"line":230,"column":2}},"54":{"start":{"line":215,"column":39},"end":{"line":215,"column":82}},"55":{"start":{"line":216,"column":33},"end":{"line":216,"column":78}},"56":{"start":{"line":218,"column":4},"end":{"line":228,"column":5}},"57":{"start":{"line":219,"column":4},"end":{"line":223,"column":7}},"58":{"start":{"line":220,"column":8},"end":{"line":220,"column":37}},"59":{"start":{"line":220,"column":17},"end":{"line":220,"column":37}},"60":{"start":{"line":221,"column":8},"end":{"line":221,"column":23}},"61":{"start":{"line":227,"column":8},"end":{"line":227,"column":28}},"62":{"start":{"line":233,"column":0},"end":{"line":235,"column":3}},"63":{"start":{"line":234,"column":4},"end":{"line":234,"column":29}},"64":{"start":{"line":240,"column":0},"end":{"line":249,"column":5}},"65":{"start":{"line":240,"column":32},"end":{"line":249,"column":4}},"66":{"start":{"line":241,"column":1},"end":{"line":248,"column":2}},"67":{"start":{"line":242,"column":3},"end":{"line":242,"column":37}},"68":{"start":{"line":243,"column":3},"end":{"line":243,"column":50}},"69":{"start":{"line":244,"column":3},"end":{"line":244,"column":19}},"70":{"start":{"line":246,"column":3},"end":{"line":246,"column":72}},"71":{"start":{"line":247,"column":3},"end":{"line":247,"column":19}},"72":{"start":{"line":252,"column":0},"end":{"line":254,"column":3}},"73":{"start":{"line":253,"column":4},"end":{"line":253,"column":68}},"74":{"start":{"line":256,"column":0},"end":{"line":256,"column":19}}},"fnMap":{"0":{"name":"(anonymous_8)","decl":{"start":{"line":84,"column":29},"end":{"line":84,"column":30}},"loc":{"start":{"line":84,"column":61},"end":{"line":87,"column":1}}},"1":{"name":"(anonymous_9)","decl":{"start":{"line":105,"column":21},"end":{"line":105,"column":22}},"loc":{"start":{"line":105,"column":55},"end":{"line":115,"column":3}}},"2":{"name":"(anonymous_10)","decl":{"start":{"line":147,"column":26},"end":{"line":147,"column":33}},"loc":{"start":{"line":147,"column":64},"end":{"line":160,"column":2}}},"3":{"name":"(anonymous_11)","decl":{"start":{"line":147,"column":64},"end":{"line":147,"column":null}},"loc":{"start":{"line":147,"column":64},"end":{"line":160,"column":1}}},"4":{"name":"(anonymous_12)","decl":{"start":{"line":192,"column":23},"end":{"line":192,"column":30}},"loc":{"start":{"line":192,"column":62},"end":{"line":211,"column":2}}},"5":{"name":"(anonymous_13)","decl":{"start":{"line":192,"column":62},"end":{"line":192,"column":null}},"loc":{"start":{"line":192,"column":62},"end":{"line":211,"column":1}}},"6":{"name":"(anonymous_14)","decl":{"start":{"line":214,"column":22},"end":{"line":214,"column":29}},"loc":{"start":{"line":214,"column":60},"end":{"line":230,"column":2}}},"7":{"name":"(anonymous_15)","decl":{"start":{"line":214,"column":60},"end":{"line":214,"column":null}},"loc":{"start":{"line":214,"column":60},"end":{"line":230,"column":1}}},"8":{"name":"(anonymous_16)","decl":{"start":{"line":219,"column":33},"end":{"line":219,"column":34}},"loc":{"start":{"line":219,"column":57},"end":{"line":223,"column":5}}},"9":{"name":"(anonymous_17)","decl":{"start":{"line":233,"column":13},"end":{"line":233,"column":14}},"loc":{"start":{"line":233,"column":45},"end":{"line":235,"column":1}}},"10":{"name":"(anonymous_18)","decl":{"start":{"line":240,"column":21},"end":{"line":240,"column":30}},"loc":{"start":{"line":240,"column":32},"end":{"line":249,"column":4}}},"11":{"name":"(anonymous_19)","decl":{"start":{"line":240,"column":32},"end":{"line":240,"column":null}},"loc":{"start":{"line":240,"column":32},"end":{"line":249,"column":3}}},"12":{"name":"(anonymous_20)","decl":{"start":{"line":252,"column":17},"end":{"line":252,"column":20}},"loc":{"start":{"line":252,"column":22},"end":{"line":254,"column":1}}}},"branchMap":{"0":{"loc":{"start":{"line":17,"column":30},"end":{"line":17,"column":54}},"type":"binary-expr","locations":[{"start":{"line":17,"column":30},"end":{"line":17,"column":46}},{"start":{"line":17,"column":50},"end":{"line":17,"column":54}}]},"1":{"loc":{"start":{"line":196,"column":8},"end":{"line":205,"column":9}},"type":"if","locations":[{"start":{"line":196,"column":8},"end":{"line":205,"column":9}},{"start":{"line":203,"column":13},"end":{"line":205,"column":9}}]},"2":{"loc":{"start":{"line":196,"column":12},"end":{"line":196,"column":65}},"type":"binary-expr","locations":[{"start":{"line":196,"column":12},"end":{"line":196,"column":16}},{"start":{"line":196,"column":21},"end":{"line":196,"column":64}}]},"3":{"loc":{"start":{"line":215,"column":39},"end":{"line":215,"column":82}},"type":"cond-expr","locations":[{"start":{"line":215,"column":67},"end":{"line":215,"column":69}},{"start":{"line":215,"column":67},"end":{"line":215,"column":82}}]},"4":{"loc":{"start":{"line":215,"column":39},"end":{"line":215,"column":69}},"type":"binary-expr","locations":[{"start":{"line":215,"column":39},"end":{"line":215,"column":69}},{"start":{"line":215,"column":67},"end":{"line":215,"column":69}}]},"5":{"loc":{"start":{"line":218,"column":4},"end":{"line":228,"column":5}},"type":"if","locations":[{"start":{"line":218,"column":4},"end":{"line":228,"column":5}},{"start":{"line":226,"column":9},"end":{"line":228,"column":5}}]},"6":{"loc":{"start":{"line":220,"column":8},"end":{"line":220,"column":37}},"type":"if","locations":[{"start":{"line":220,"column":8},"end":{"line":220,"column":37}}]}},"s":{"0":1,"1":1,"2":1,"3":1,"4":1,"5":1,"6":1,"7":1,"8":1,"9":1,"10":1,"11":1,"12":1,"13":1,"14":1,"15":1,"16":1,"17":1,"18":1,"19":1,"20":1,"21":1,"22":1,"23":1,"24":1,"25":1,"26":1,"27":0,"28":0,"29":1,"30":0,"31":0,"32":0,"33":0,"34":1,"35":2,"36":2,"37":2,"38":2,"39":1,"40":1,"41":1,"42":0,"43":0,"44":0,"45":0,"46":0,"47":0,"48":0,"49":0,"50":0,"51":0,"52":1,"53":0,"54":0,"55":0,"56":0,"57":0,"58":0,"59":0,"60":0,"61":0,"62":1,"63":0,"64":1,"65":0,"66":0,"67":0,"68":0,"69":0,"70":0,"71":0,"72":1,"73":1,"74":1},"f":{"0":0,"1":0,"2":2,"3":2,"4":0,"5":0,"6":0,"7":0,"8":0,"9":0,"10":0,"11":0,"12":1},"b":{"0":[1,1],"1":[0,0],"2":[0,0],"3":[0,0],"4":[0,0],"5":[0,0],"6":[0]}}
,"C:\\Users\\gaah-_000\\Downloads\\EHR Node Typescript React\\backend\\src\\models\\Patient.ts": {"path":"C:\\Users\\gaah-_000\\Downloads\\EHR Node Typescript React\\backend\\src\\models\\Patient.ts","statementMap":{"0":{"start":{"line":1,"column":0},"end":{"line":1,"column":54}},"1":{"start":{"line":43,"column":22},"end":{"line":47,"column":2}},"2":{"start":{"line":49,"column":24},"end":{"line":52,"column":2}},"3":{"start":{"line":54,"column":25},"end":{"line":57,"column":2}},"4":{"start":{"line":60,"column":22},"end":{"line":78,"column":2}},"5":{"start":{"line":81,"column":16},"end":{"line":81,"column":66}},"6":{"start":{"line":82,"column":0},"end":{"line":82,"column":23}}},"fnMap":{},"branchMap":{},"s":{"0":1,"1":1,"2":1,"3":1,"4":1,"5":1,"6":1},"f":{},"b":{}}
,"C:\\Users\\gaah-_000\\Downloads\\EHR Node Typescript React\\backend\\src\\models\\User.ts": {"path":"C:\\Users\\gaah-_000\\Downloads\\EHR Node Typescript React\\backend\\src\\models\\User.ts","statementMap":{"0":{"start":{"line":1,"column":0},"end":{"line":1,"column":54}},"1":{"start":{"line":2,"column":0},"end":{"line":2,"column":28}},"2":{"start":{"line":16,"column":34},"end":{"line":38,"column":2}},"3":{"start":{"line":26,"column":30},"end":{"line":26,"column":66}},"4":{"start":{"line":27,"column":32},"end":{"line":27,"column":69}},"5":{"start":{"line":41,"column":0},"end":{"line":49,"column":2}},"6":{"start":{"line":42,"column":4},"end":{"line":48,"column":5}},"7":{"start":{"line":43,"column":8},"end":{"line":43,"column":65}},"8":{"start":{"line":46,"column":8},"end":{"line":46,"column":27}},"9":{"start":{"line":47,"column":8},"end":{"line":47,"column":21}},"10":{"start":{"line":51,"column":0},"end":{"line":64,"column":2}},"11":{"start":{"line":52,"column":4},"end":{"line":63,"column":5}},"12":{"start":{"line":53,"column":8},"end":{"line":58,"column":11}},"13":{"start":{"line":61,"column":8},"end":{"line":61,"column":27}},"14":{"start":{"line":62,"column":8},"end":{"line":62,"column":18}},"15":{"start":{"line":67,"column":0},"end":{"line":79,"column":3}},"16":{"start":{"line":68,"column":4},"end":{"line":70,"column":5}},"17":{"start":{"line":69,"column":8},"end":{"line":69,"column":22}},"18":{"start":{"line":72,"column":4},"end":{"line":78,"column":5}},"19":{"start":{"line":73,"column":8},"end":{"line":73,"column":63}},"20":{"start":{"line":74,"column":8},"end":{"line":74,"column":15}},"21":{"start":{"line":76,"column":8},"end":{"line":76,"column":27}},"22":{"start":{"line":77,"column":8},"end":{"line":77,"column":25}},"23":{"start":{"line":82,"column":13},"end":{"line":82,"column":54}},"24":{"start":{"line":84,"column":0},"end":{"line":84,"column":20}}},"fnMap":{"0":{"name":"(anonymous_17)","decl":{"start":{"line":26,"column":23},"end":{"line":26,"column":24}},"loc":{"start":{"line":26,"column":30},"end":{"line":26,"column":66}}},"1":{"name":"(anonymous_18)","decl":{"start":{"line":27,"column":21},"end":{"line":27,"column":22}},"loc":{"start":{"line":27,"column":32},"end":{"line":27,"column":69}}},"2":{"name":"(anonymous_19)","decl":{"start":{"line":41,"column":35},"end":{"line":41,"column":51}},"loc":{"start":{"line":41,"column":72},"end":{"line":49,"column":2}}},"3":{"name":"(anonymous_21)","decl":{"start":{"line":51,"column":34},"end":{"line":51,"column":50}},"loc":{"start":{"line":51,"column":66},"end":{"line":64,"column":2}}},"4":{"name":"(anonymous_23)","decl":{"start":{"line":67,"column":30},"end":{"line":67,"column":46}},"loc":{"start":{"line":67,"column":50},"end":{"line":79,"column":2}}}},"branchMap":{"0":{"loc":{"start":{"line":68,"column":4},"end":{"line":70,"column":5}},"type":"if","locations":[{"start":{"line":68,"column":4},"end":{"line":70,"column":5}}]}},"s":{"0":1,"1":1,"2":1,"3":2,"4":0,"5":1,"6":0,"7":0,"8":0,"9":0,"10":1,"11":2,"12":2,"13":0,"14":0,"15":1,"16":2,"17":0,"18":2,"19":2,"20":2,"21":0,"22":0,"23":1,"24":1},"f":{"0":2,"1":0,"2":0,"3":2,"4":2},"b":{"0":[0]}}
,"C:\\Users\\gaah-_000\\Downloads\\EHR Node Typescript React\\backend\\src\\models\\index.ts": {"path":"C:\\Users\\gaah-_000\\Downloads\\EHR Node Typescript React\\backend\\src\\models\\index.ts","statementMap":{"0":{"start":{"line":1,"column":0},"end":{"line":1,"column":7}},"1":{"start":{"line":4,"column":8},"end":{"line":1,"column":35}},"2":{"start":{"line":2,"column":0},"end":{"line":2,"column":7}},"3":{"start":{"line":4,"column":14},"end":{"line":2,"column":44}}},"fnMap":{},"branchMap":{},"s":{"0":1,"1":1,"2":1,"3":1},"f":{},"b":{}}
}
