TN:
SF:src\server.ts
FN:84,(anonymous_8)
FN:105,(anonymous_9)
FN:147,(anonymous_10)
FN:147,(anonymous_11)
FN:192,(anonymous_12)
FN:192,(anonymous_13)
FN:214,(anonymous_14)
FN:214,(anonymous_15)
FN:219,(anonymous_16)
FN:233,(anonymous_17)
FN:240,(anonymous_18)
FN:240,(anonymous_19)
FN:252,(anonymous_20)
FNF:13
FNH:3
FNDA:0,(anonymous_8)
FNDA:0,(anonymous_9)
FNDA:2,(anonymous_10)
FNDA:2,(anonymous_11)
FNDA:0,(anonymous_12)
FNDA:0,(anonymous_13)
FNDA:0,(anonymous_14)
FNDA:0,(anonymous_15)
FNDA:0,(anonymous_16)
FNDA:0,(anonymous_17)
FNDA:0,(anonymous_18)
FNDA:0,(anonymous_19)
FNDA:1,(anonymous_20)
DA:1,1
DA:2,1
DA:3,1
DA:4,1
DA:5,1
DA:6,1
DA:7,1
DA:8,1
DA:9,1
DA:10,1
DA:12,1
DA:15,1
DA:16,1
DA:17,1
DA:18,1
DA:19,1
DA:27,1
DA:33,1
DA:34,1
DA:35,1
DA:38,1
DA:56,1
DA:57,1
DA:60,1
DA:61,1
DA:63,1
DA:84,1
DA:85,0
DA:86,0
DA:105,1
DA:107,0
DA:108,0
DA:109,0
DA:112,0
DA:147,2
DA:148,2
DA:149,2
DA:154,2
DA:156,1
DA:158,1
DA:192,1
DA:193,0
DA:194,0
DA:196,0
DA:197,0
DA:198,0
DA:199,0
DA:204,0
DA:208,0
DA:209,0
DA:214,1
DA:215,0
DA:216,0
DA:218,0
DA:219,0
DA:220,0
DA:221,0
DA:227,0
DA:233,1
DA:234,0
DA:240,1
DA:241,0
DA:242,0
DA:243,0
DA:244,0
DA:246,0
DA:247,0
DA:252,1
DA:253,1
DA:256,1
LF:70
LH:41
BRDA:17,0,0,1
BRDA:17,0,1,1
BRDA:196,1,0,0
BRDA:196,1,1,0
BRDA:196,2,0,0
BRDA:196,2,1,0
BRDA:215,3,0,0
BRDA:215,3,1,0
BRDA:215,4,0,0
BRDA:215,4,1,0
BRDA:218,5,0,0
BRDA:218,5,1,0
BRDA:220,6,0,0
BRF:13
BRH:2
end_of_record
TN:
SF:src\models\Patient.ts
FNF:0
FNH:0
DA:1,1
DA:43,1
DA:49,1
DA:54,1
DA:60,1
DA:81,1
DA:82,1
LF:7
LH:7
BRF:0
BRH:0
end_of_record
TN:
SF:src\models\User.ts
FN:26,(anonymous_17)
FN:27,(anonymous_18)
FN:41,(anonymous_19)
FN:51,(anonymous_21)
FN:67,(anonymous_23)
FNF:5
FNH:3
FNDA:2,(anonymous_17)
FNDA:0,(anonymous_18)
FNDA:0,(anonymous_19)
FNDA:2,(anonymous_21)
FNDA:2,(anonymous_23)
DA:1,1
DA:2,1
DA:16,1
DA:26,2
DA:27,0
DA:41,1
DA:42,0
DA:43,0
DA:46,0
DA:47,0
DA:51,1
DA:52,2
DA:53,2
DA:61,0
DA:62,0
DA:67,1
DA:68,2
DA:69,0
DA:72,2
DA:73,2
DA:74,2
DA:76,0
DA:77,0
DA:82,1
DA:84,1
LF:25
LH:15
BRDA:68,0,0,0
BRF:1
BRH:0
end_of_record
TN:
SF:src\models\index.ts
FNF:0
FNH:0
DA:1,1
DA:2,1
DA:4,1
LF:3
LH:3
BRF:0
BRH:0
end_of_record
